{"uuid":"32941532-0c56-4681-bba5-eccf82726d81","historyId":"4af5fa0ff6460828d64360ada337c5a7","fullName":"src/test/resources/features/3Remove.feature:12","labels":[{"name":"host","value":"VENKATs-MacBook-Air.local"},{"name":"thread","value":"39607@VENKATs-MacBook-Air.local.main(1)"},{"name":"feature","value":"Removing Item Functionality"},{"name":"story","value":"After logging in User searches for a product"},{"name":"suite","value":"Removing Item Functionality"},{"name":"testClass","value":"After logging in User searches for a product"},{"name":"framework","value":"cucumber4jvm"},{"name":"language","value":"java"},{"name":"gherkin_uri","value":"file:///Users/venkattsr/Downloads/Ecomm/src/test/resources/features/3Remove.feature"},{"name":"package","value":"src.test.resources.features.3Remove_feature.Removing Item Functionality"}],"links":[],"name":"After logging in User searches for a product","status":"broken","statusDetails":{"known":false,"muted":false,"flaky":false,"message":"For documentation on this error, please visit: https://www.selenium.dev/documentation/webdriver/troubleshooting/errors#no-such-element-exception\nBuild info: version: '4.29.0', revision: '5fc1ec94cb'\nSystem info: os.name: 'Mac OS X', os.arch: 'x86_64', os.version: '15.3.1', java.version: '23.0.1'\nDriver info: org.openqa.selenium.safari.SafariDriver\nCommand: [D7BDF69F-342A-45F4-B4F0-A7BDBF42E605, findElement {using=name, value=email}]\nCapabilities {acceptInsecureCerts: false, browserName: Safari, browserVersion: 18.3, platformName: mac, safari:automaticInspection: false, safari:automaticProfiling: false, safari:diagnose: false, safari:platformBuildVersion: 24D70, safari:platformVersion: 15.3.1, safari:useSimulator: false, setWindowRect: true, strictFileInteractability: false, webkit:WebRTC: {DisableICECandidateFiltering: false, DisableInsecureMediaCapture: false}}\nSession ID: D7BDF69F-342A-45F4-B4F0-A7BDBF42E605","trace":"org.openqa.selenium.NoSuchElementException: For documentation on this error, please visit: https://www.selenium.dev/documentation/webdriver/troubleshooting/errors#no-such-element-exception\nBuild info: version: '4.29.0', revision: '5fc1ec94cb'\nSystem info: os.name: 'Mac OS X', os.arch: 'x86_64', os.version: '15.3.1', java.version: '23.0.1'\nDriver info: org.openqa.selenium.safari.SafariDriver\nCommand: [D7BDF69F-342A-45F4-B4F0-A7BDBF42E605, findElement {using=name, value=email}]\nCapabilities {acceptInsecureCerts: false, browserName: Safari, browserVersion: 18.3, platformName: mac, safari:automaticInspection: false, safari:automaticProfiling: false, safari:diagnose: false, safari:platformBuildVersion: 24D70, safari:platformVersion: 15.3.1, safari:useSimulator: false, setWindowRect: true, strictFileInteractability: false, webkit:WebRTC: {DisableICECandidateFiltering: false, DisableInsecureMediaCapture: false}}\nSession ID: D7BDF69F-342A-45F4-B4F0-A7BDBF42E605\n\tat java.base/jdk.internal.reflect.DirectConstructorHandleAccessor.newInstance(DirectConstructorHandleAccessor.java:62)\n\tat java.base/java.lang.reflect.Constructor.newInstanceWithCaller(Constructor.java:501)\n\tat java.base/java.lang.reflect.Constructor.newInstance(Constructor.java:485)\n\tat org.openqa.selenium.remote.ErrorCodec.decode(ErrorCodec.java:167)\n\tat org.openqa.selenium.remote.codec.w3c.W3CHttpResponseCodec.decode(W3CHttpResponseCodec.java:138)\n\tat org.openqa.selenium.remote.codec.w3c.W3CHttpResponseCodec.decode(W3CHttpResponseCodec.java:50)\n\tat org.openqa.selenium.remote.HttpCommandExecutor.execute(HttpCommandExecutor.java:215)\n\tat org.openqa.selenium.remote.service.DriverCommandExecutor.invokeExecute(DriverCommandExecutor.java:216)\n\tat org.openqa.selenium.remote.service.DriverCommandExecutor.execute(DriverCommandExecutor.java:174)\n\tat org.openqa.selenium.remote.RemoteWebDriver.execute(RemoteWebDriver.java:545)\n\tat org.openqa.selenium.remote.ElementLocation$ElementFinder$2.findElement(ElementLocation.java:165)\n\tat org.openqa.selenium.remote.ElementLocation.findElement(ElementLocation.java:66)\n\tat org.openqa.selenium.remote.RemoteWebDriver.findElement(RemoteWebDriver.java:368)\n\tat org.openqa.selenium.remote.RemoteWebDriver.findElement(RemoteWebDriver.java:362)\n\tat org.openqa.selenium.support.pagefactory.DefaultElementLocator.findElement(DefaultElementLocator.java:68)\n\tat org.openqa.selenium.support.pagefactory.internal.LocatingElementHandler.invoke(LocatingElementHandler.java:38)\n\tat jdk.proxy2/jdk.proxy2.$Proxy24.isDisplayed(Unknown Source)\n\tat basepages.BasePage.enterText(BasePage.java:44)\n\tat productdisp.HomePage.login(HomePage.java:104)\n\tat stepDefinitions.RemovingSteps.user_logging_in_with_valid_credentials(RemovingSteps.java:41)\n\tat ✽.User logging in with valid credentials(file:///Users/venkattsr/Downloads/Ecomm/src/test/resources/features/3Remove.feature:14)\n"},"stage":"finished","steps":[{"name":"Given  User on the homepage","status":"passed","statusDetails":{"known":false,"muted":false,"flaky":false},"stage":"finished","steps":[],"attachments":[],"parameters":[],"start":1742269142033,"stop":1742269142100},{"name":"When  User logging in with valid credentials","status":"broken","statusDetails":{"known":false,"muted":false,"flaky":false,"message":"For documentation on this error, please visit: https://www.selenium.dev/documentation/webdriver/troubleshooting/errors#no-such-element-exception\nBuild info: version: '4.29.0', revision: '5fc1ec94cb'\nSystem info: os.name: 'Mac OS X', os.arch: 'x86_64', os.version: '15.3.1', java.version: '23.0.1'\nDriver info: org.openqa.selenium.safari.SafariDriver\nCommand: [D7BDF69F-342A-45F4-B4F0-A7BDBF42E605, findElement {using=name, value=email}]\nCapabilities {acceptInsecureCerts: false, browserName: Safari, browserVersion: 18.3, platformName: mac, safari:automaticInspection: false, safari:automaticProfiling: false, safari:diagnose: false, safari:platformBuildVersion: 24D70, safari:platformVersion: 15.3.1, safari:useSimulator: false, setWindowRect: true, strictFileInteractability: false, webkit:WebRTC: {DisableICECandidateFiltering: false, DisableInsecureMediaCapture: false}}\nSession ID: D7BDF69F-342A-45F4-B4F0-A7BDBF42E605","trace":"org.openqa.selenium.NoSuchElementException: For documentation on this error, please visit: https://www.selenium.dev/documentation/webdriver/troubleshooting/errors#no-such-element-exception\nBuild info: version: '4.29.0', revision: '5fc1ec94cb'\nSystem info: os.name: 'Mac OS X', os.arch: 'x86_64', os.version: '15.3.1', java.version: '23.0.1'\nDriver info: org.openqa.selenium.safari.SafariDriver\nCommand: [D7BDF69F-342A-45F4-B4F0-A7BDBF42E605, findElement {using=name, value=email}]\nCapabilities {acceptInsecureCerts: false, browserName: Safari, browserVersion: 18.3, platformName: mac, safari:automaticInspection: false, safari:automaticProfiling: false, safari:diagnose: false, safari:platformBuildVersion: 24D70, safari:platformVersion: 15.3.1, safari:useSimulator: false, setWindowRect: true, strictFileInteractability: false, webkit:WebRTC: {DisableICECandidateFiltering: false, DisableInsecureMediaCapture: false}}\nSession ID: D7BDF69F-342A-45F4-B4F0-A7BDBF42E605\n\tat java.base/jdk.internal.reflect.DirectConstructorHandleAccessor.newInstance(DirectConstructorHandleAccessor.java:62)\n\tat java.base/java.lang.reflect.Constructor.newInstanceWithCaller(Constructor.java:501)\n\tat java.base/java.lang.reflect.Constructor.newInstance(Constructor.java:485)\n\tat org.openqa.selenium.remote.ErrorCodec.decode(ErrorCodec.java:167)\n\tat org.openqa.selenium.remote.codec.w3c.W3CHttpResponseCodec.decode(W3CHttpResponseCodec.java:138)\n\tat org.openqa.selenium.remote.codec.w3c.W3CHttpResponseCodec.decode(W3CHttpResponseCodec.java:50)\n\tat org.openqa.selenium.remote.HttpCommandExecutor.execute(HttpCommandExecutor.java:215)\n\tat org.openqa.selenium.remote.service.DriverCommandExecutor.invokeExecute(DriverCommandExecutor.java:216)\n\tat org.openqa.selenium.remote.service.DriverCommandExecutor.execute(DriverCommandExecutor.java:174)\n\tat org.openqa.selenium.remote.RemoteWebDriver.execute(RemoteWebDriver.java:545)\n\tat org.openqa.selenium.remote.ElementLocation$ElementFinder$2.findElement(ElementLocation.java:165)\n\tat org.openqa.selenium.remote.ElementLocation.findElement(ElementLocation.java:66)\n\tat org.openqa.selenium.remote.RemoteWebDriver.findElement(RemoteWebDriver.java:368)\n\tat org.openqa.selenium.remote.RemoteWebDriver.findElement(RemoteWebDriver.java:362)\n\tat org.openqa.selenium.support.pagefactory.DefaultElementLocator.findElement(DefaultElementLocator.java:68)\n\tat org.openqa.selenium.support.pagefactory.internal.LocatingElementHandler.invoke(LocatingElementHandler.java:38)\n\tat jdk.proxy2/jdk.proxy2.$Proxy24.isDisplayed(Unknown Source)\n\tat basepages.BasePage.enterText(BasePage.java:44)\n\tat productdisp.HomePage.login(HomePage.java:104)\n\tat stepDefinitions.RemovingSteps.user_logging_in_with_valid_credentials(RemovingSteps.java:41)\n\tat ✽.User logging in with valid credentials(file:///Users/venkattsr/Downloads/Ecomm/src/test/resources/features/3Remove.feature:14)\n"},"stage":"finished","steps":[],"attachments":[],"parameters":[],"start":1742269142100,"stop":1742269142471},{"name":"And  User navigating to the products page","status":"skipped","statusDetails":{"known":false,"muted":false,"flaky":false},"stage":"finished","steps":[],"attachments":[],"parameters":[],"start":1742269142473,"stop":1742269142473},{"name":"And  User searches the product \"Blue Top\"","status":"skipped","statusDetails":{"known":false,"muted":false,"flaky":false},"stage":"finished","steps":[],"attachments":[],"parameters":[],"start":1742269142473,"stop":1742269142474},{"name":"Then  User should be able to see the product","status":"skipped","statusDetails":{"known":false,"muted":false,"flaky":false},"stage":"finished","steps":[],"attachments":[],"parameters":[],"start":1742269142474,"stop":1742269142474}],"attachments":[],"parameters":[],"start":1742269137175,"stop":1742269153238}