{"uuid":"4cabecc5-bd48-4a24-a549-569b4f3d646c","historyId":"43acdda75722f28583be7d7adb68e39d","fullName":"src/test/resources/features/5Contact.feature:14","labels":[{"name":"host","value":"VENKATs-MacBook-Air.local"},{"name":"thread","value":"39607@VENKATs-MacBook-Air.local.main(1)"},{"name":"feature","value":"Handling the contactus Functionality"},{"name":"story","value":"Providing Information with missing fields to verify error message"},{"name":"suite","value":"Handling the contactus Functionality"},{"name":"testClass","value":"Providing Information with missing fields to verify error message"},{"name":"framework","value":"cucumber4jvm"},{"name":"language","value":"java"},{"name":"gherkin_uri","value":"file:///Users/venkattsr/Downloads/Ecomm/src/test/resources/features/5Contact.feature"},{"name":"package","value":"src.test.resources.features.5Contact_feature.Handling the contactus Functionality"}],"links":[],"name":"Providing Information with missing fields to verify error message","status":"broken","statusDetails":{"known":false,"muted":false,"flaky":false,"message":"For documentation on this error, please visit: https://www.selenium.dev/documentation/webdriver/troubleshooting/errors#no-such-element-exception\nBuild info: version: '4.29.0', revision: '5fc1ec94cb'\nSystem info: os.name: 'Mac OS X', os.arch: 'x86_64', os.version: '15.3.1', java.version: '23.0.1'\nDriver info: org.openqa.selenium.safari.SafariDriver\nCommand: [2C2CA853-DD7D-40E6-B9E7-310AF94991CE, findElement {using=name, value=email}]\nCapabilities {acceptInsecureCerts: false, browserName: Safari, browserVersion: 18.3, platformName: mac, safari:automaticInspection: false, safari:automaticProfiling: false, safari:diagnose: false, safari:platformBuildVersion: 24D70, safari:platformVersion: 15.3.1, safari:useSimulator: false, setWindowRect: true, strictFileInteractability: false, webkit:WebRTC: {DisableICECandidateFiltering: false, DisableInsecureMediaCapture: false}}\nSession ID: 2C2CA853-DD7D-40E6-B9E7-310AF94991CE","trace":"org.openqa.selenium.NoSuchElementException: For documentation on this error, please visit: https://www.selenium.dev/documentation/webdriver/troubleshooting/errors#no-such-element-exception\nBuild info: version: '4.29.0', revision: '5fc1ec94cb'\nSystem info: os.name: 'Mac OS X', os.arch: 'x86_64', os.version: '15.3.1', java.version: '23.0.1'\nDriver info: org.openqa.selenium.safari.SafariDriver\nCommand: [2C2CA853-DD7D-40E6-B9E7-310AF94991CE, findElement {using=name, value=email}]\nCapabilities {acceptInsecureCerts: false, browserName: Safari, browserVersion: 18.3, platformName: mac, safari:automaticInspection: false, safari:automaticProfiling: false, safari:diagnose: false, safari:platformBuildVersion: 24D70, safari:platformVersion: 15.3.1, safari:useSimulator: false, setWindowRect: true, strictFileInteractability: false, webkit:WebRTC: {DisableICECandidateFiltering: false, DisableInsecureMediaCapture: false}}\nSession ID: 2C2CA853-DD7D-40E6-B9E7-310AF94991CE\n\tat java.base/jdk.internal.reflect.DirectConstructorHandleAccessor.newInstance(DirectConstructorHandleAccessor.java:62)\n\tat java.base/java.lang.reflect.Constructor.newInstanceWithCaller(Constructor.java:501)\n\tat java.base/java.lang.reflect.Constructor.newInstance(Constructor.java:485)\n\tat org.openqa.selenium.remote.ErrorCodec.decode(ErrorCodec.java:167)\n\tat org.openqa.selenium.remote.codec.w3c.W3CHttpResponseCodec.decode(W3CHttpResponseCodec.java:138)\n\tat org.openqa.selenium.remote.codec.w3c.W3CHttpResponseCodec.decode(W3CHttpResponseCodec.java:50)\n\tat org.openqa.selenium.remote.HttpCommandExecutor.execute(HttpCommandExecutor.java:215)\n\tat org.openqa.selenium.remote.service.DriverCommandExecutor.invokeExecute(DriverCommandExecutor.java:216)\n\tat org.openqa.selenium.remote.service.DriverCommandExecutor.execute(DriverCommandExecutor.java:174)\n\tat org.openqa.selenium.remote.RemoteWebDriver.execute(RemoteWebDriver.java:545)\n\tat org.openqa.selenium.remote.ElementLocation$ElementFinder$2.findElement(ElementLocation.java:165)\n\tat org.openqa.selenium.remote.ElementLocation.findElement(ElementLocation.java:66)\n\tat org.openqa.selenium.remote.RemoteWebDriver.findElement(RemoteWebDriver.java:368)\n\tat org.openqa.selenium.remote.RemoteWebDriver.findElement(RemoteWebDriver.java:362)\n\tat org.openqa.selenium.support.pagefactory.DefaultElementLocator.findElement(DefaultElementLocator.java:68)\n\tat org.openqa.selenium.support.pagefactory.internal.LocatingElementHandler.invoke(LocatingElementHandler.java:38)\n\tat jdk.proxy2/jdk.proxy2.$Proxy24.isDisplayed(Unknown Source)\n\tat basepages.BasePage.enterText(BasePage.java:44)\n\tat contact.ContactUs.enteremailpassword(ContactUs.java:59)\n\tat stepDefinitions.ContactUsSteps.user_should_enter_valid_credentials_and(ContactUsSteps.java:34)\n\tat ✽.User Should Enter Valid Credentials \"venkat07@exam.com\" and \"password123\"(file:///Users/venkattsr/Downloads/Ecomm/src/test/resources/features/5Contact.feature:17)\n"},"stage":"finished","steps":[{"name":"Given  User Should be on Home Page","status":"passed","statusDetails":{"known":false,"muted":false,"flaky":false},"stage":"finished","steps":[],"attachments":[],"parameters":[],"start":1742269224999,"stop":1742269225027},{"name":"When  User should click Loginbutton","status":"passed","statusDetails":{"known":false,"muted":false,"flaky":false},"stage":"finished","steps":[],"attachments":[],"parameters":[],"start":1742269225027,"stop":1742269225090},{"name":"And  User Should Enter Valid Credentials \"venkat07@exam.com\" and \"password123\"","status":"broken","statusDetails":{"known":false,"muted":false,"flaky":false,"message":"For documentation on this error, please visit: https://www.selenium.dev/documentation/webdriver/troubleshooting/errors#no-such-element-exception\nBuild info: version: '4.29.0', revision: '5fc1ec94cb'\nSystem info: os.name: 'Mac OS X', os.arch: 'x86_64', os.version: '15.3.1', java.version: '23.0.1'\nDriver info: org.openqa.selenium.safari.SafariDriver\nCommand: [2C2CA853-DD7D-40E6-B9E7-310AF94991CE, findElement {using=name, value=email}]\nCapabilities {acceptInsecureCerts: false, browserName: Safari, browserVersion: 18.3, platformName: mac, safari:automaticInspection: false, safari:automaticProfiling: false, safari:diagnose: false, safari:platformBuildVersion: 24D70, safari:platformVersion: 15.3.1, safari:useSimulator: false, setWindowRect: true, strictFileInteractability: false, webkit:WebRTC: {DisableICECandidateFiltering: false, DisableInsecureMediaCapture: false}}\nSession ID: 2C2CA853-DD7D-40E6-B9E7-310AF94991CE","trace":"org.openqa.selenium.NoSuchElementException: For documentation on this error, please visit: https://www.selenium.dev/documentation/webdriver/troubleshooting/errors#no-such-element-exception\nBuild info: version: '4.29.0', revision: '5fc1ec94cb'\nSystem info: os.name: 'Mac OS X', os.arch: 'x86_64', os.version: '15.3.1', java.version: '23.0.1'\nDriver info: org.openqa.selenium.safari.SafariDriver\nCommand: [2C2CA853-DD7D-40E6-B9E7-310AF94991CE, findElement {using=name, value=email}]\nCapabilities {acceptInsecureCerts: false, browserName: Safari, browserVersion: 18.3, platformName: mac, safari:automaticInspection: false, safari:automaticProfiling: false, safari:diagnose: false, safari:platformBuildVersion: 24D70, safari:platformVersion: 15.3.1, safari:useSimulator: false, setWindowRect: true, strictFileInteractability: false, webkit:WebRTC: {DisableICECandidateFiltering: false, DisableInsecureMediaCapture: false}}\nSession ID: 2C2CA853-DD7D-40E6-B9E7-310AF94991CE\n\tat java.base/jdk.internal.reflect.DirectConstructorHandleAccessor.newInstance(DirectConstructorHandleAccessor.java:62)\n\tat java.base/java.lang.reflect.Constructor.newInstanceWithCaller(Constructor.java:501)\n\tat java.base/java.lang.reflect.Constructor.newInstance(Constructor.java:485)\n\tat org.openqa.selenium.remote.ErrorCodec.decode(ErrorCodec.java:167)\n\tat org.openqa.selenium.remote.codec.w3c.W3CHttpResponseCodec.decode(W3CHttpResponseCodec.java:138)\n\tat org.openqa.selenium.remote.codec.w3c.W3CHttpResponseCodec.decode(W3CHttpResponseCodec.java:50)\n\tat org.openqa.selenium.remote.HttpCommandExecutor.execute(HttpCommandExecutor.java:215)\n\tat org.openqa.selenium.remote.service.DriverCommandExecutor.invokeExecute(DriverCommandExecutor.java:216)\n\tat org.openqa.selenium.remote.service.DriverCommandExecutor.execute(DriverCommandExecutor.java:174)\n\tat org.openqa.selenium.remote.RemoteWebDriver.execute(RemoteWebDriver.java:545)\n\tat org.openqa.selenium.remote.ElementLocation$ElementFinder$2.findElement(ElementLocation.java:165)\n\tat org.openqa.selenium.remote.ElementLocation.findElement(ElementLocation.java:66)\n\tat org.openqa.selenium.remote.RemoteWebDriver.findElement(RemoteWebDriver.java:368)\n\tat org.openqa.selenium.remote.RemoteWebDriver.findElement(RemoteWebDriver.java:362)\n\tat org.openqa.selenium.support.pagefactory.DefaultElementLocator.findElement(DefaultElementLocator.java:68)\n\tat org.openqa.selenium.support.pagefactory.internal.LocatingElementHandler.invoke(LocatingElementHandler.java:38)\n\tat jdk.proxy2/jdk.proxy2.$Proxy24.isDisplayed(Unknown Source)\n\tat basepages.BasePage.enterText(BasePage.java:44)\n\tat contact.ContactUs.enteremailpassword(ContactUs.java:59)\n\tat stepDefinitions.ContactUsSteps.user_should_enter_valid_credentials_and(ContactUsSteps.java:34)\n\tat ✽.User Should Enter Valid Credentials \"venkat07@exam.com\" and \"password123\"(file:///Users/venkattsr/Downloads/Ecomm/src/test/resources/features/5Contact.feature:17)\n"},"stage":"finished","steps":[],"attachments":[],"parameters":[],"start":1742269225091,"stop":1742269225116},{"name":"And  User should click Login button","status":"skipped","statusDetails":{"known":false,"muted":false,"flaky":false},"stage":"finished","steps":[],"attachments":[],"parameters":[],"start":1742269225117,"stop":1742269225117},{"name":"And  User can see the logged in homepage","status":"skipped","statusDetails":{"known":false,"muted":false,"flaky":false},"stage":"finished","steps":[],"attachments":[],"parameters":[],"start":1742269225117,"stop":1742269225117},{"name":"And  User should click Contact Us","status":"skipped","statusDetails":{"known":false,"muted":false,"flaky":false},"stage":"finished","steps":[],"attachments":[],"parameters":[],"start":1742269225117,"stop":1742269225117},{"name":"And  User Should Fill the contact form \"Venkat\" \"\" \"About Product\" \"Check the attached file\" \"/Users/venkattsr/Downloads/Ecomm/./screenshots\"","status":"skipped","statusDetails":{"known":false,"muted":false,"flaky":false},"stage":"finished","steps":[],"attachments":[],"parameters":[],"start":1742269225117,"stop":1742269225120},{"name":"And  Try to click the submit button without Email","status":"skipped","statusDetails":{"known":false,"muted":false,"flaky":false},"stage":"finished","steps":[],"attachments":[],"parameters":[],"start":1742269225120,"stop":1742269225120},{"name":"Then  User should get the error message","status":"skipped","statusDetails":{"known":false,"muted":false,"flaky":false},"stage":"finished","steps":[],"attachments":[],"parameters":[],"start":1742269225120,"stop":1742269225121}],"attachments":[],"parameters":[],"start":1742269219453,"stop":1742269235956}