{"uuid":"4ea4898c-8417-4573-a670-0c24e401302c","historyId":"18e06fc1d8823c2f8053c5ead7cedc23","fullName":"src/test/resources/features/5Contact.feature:3","labels":[{"name":"host","value":"VENKATs-MacBook-Air.local"},{"name":"thread","value":"39607@VENKATs-MacBook-Air.local.main(1)"},{"name":"feature","value":"Handling the contactus Functionality"},{"name":"story","value":"Providing Valid Information and Submitting the contact form"},{"name":"suite","value":"Handling the contactus Functionality"},{"name":"testClass","value":"Providing Valid Information and Submitting the contact form"},{"name":"framework","value":"cucumber4jvm"},{"name":"language","value":"java"},{"name":"gherkin_uri","value":"file:///Users/venkattsr/Downloads/Ecomm/src/test/resources/features/5Contact.feature"},{"name":"package","value":"src.test.resources.features.5Contact_feature.Handling the contactus Functionality"}],"links":[],"name":"Providing Valid Information and Submitting the contact form","status":"broken","statusDetails":{"known":false,"muted":false,"flaky":false,"message":"For documentation on this error, please visit: https://www.selenium.dev/documentation/webdriver/troubleshooting/errors#no-such-element-exception\nBuild info: version: '4.29.0', revision: '5fc1ec94cb'\nSystem info: os.name: 'Mac OS X', os.arch: 'x86_64', os.version: '15.3.1', java.version: '23.0.1'\nDriver info: org.openqa.selenium.safari.SafariDriver\nCommand: [CF45002B-8B63-4ABE-B255-30E8C2ED3DA6, findElement {using=name, value=email}]\nCapabilities {acceptInsecureCerts: false, browserName: Safari, browserVersion: 18.3, platformName: mac, safari:automaticInspection: false, safari:automaticProfiling: false, safari:diagnose: false, safari:platformBuildVersion: 24D70, safari:platformVersion: 15.3.1, safari:useSimulator: false, setWindowRect: true, strictFileInteractability: false, webkit:WebRTC: {DisableICECandidateFiltering: false, DisableInsecureMediaCapture: false}}\nSession ID: CF45002B-8B63-4ABE-B255-30E8C2ED3DA6","trace":"org.openqa.selenium.NoSuchElementException: For documentation on this error, please visit: https://www.selenium.dev/documentation/webdriver/troubleshooting/errors#no-such-element-exception\nBuild info: version: '4.29.0', revision: '5fc1ec94cb'\nSystem info: os.name: 'Mac OS X', os.arch: 'x86_64', os.version: '15.3.1', java.version: '23.0.1'\nDriver info: org.openqa.selenium.safari.SafariDriver\nCommand: [CF45002B-8B63-4ABE-B255-30E8C2ED3DA6, findElement {using=name, value=email}]\nCapabilities {acceptInsecureCerts: false, browserName: Safari, browserVersion: 18.3, platformName: mac, safari:automaticInspection: false, safari:automaticProfiling: false, safari:diagnose: false, safari:platformBuildVersion: 24D70, safari:platformVersion: 15.3.1, safari:useSimulator: false, setWindowRect: true, strictFileInteractability: false, webkit:WebRTC: {DisableICECandidateFiltering: false, DisableInsecureMediaCapture: false}}\nSession ID: CF45002B-8B63-4ABE-B255-30E8C2ED3DA6\n\tat java.base/jdk.internal.reflect.DirectConstructorHandleAccessor.newInstance(DirectConstructorHandleAccessor.java:62)\n\tat java.base/java.lang.reflect.Constructor.newInstanceWithCaller(Constructor.java:501)\n\tat java.base/java.lang.reflect.Constructor.newInstance(Constructor.java:485)\n\tat org.openqa.selenium.remote.ErrorCodec.decode(ErrorCodec.java:167)\n\tat org.openqa.selenium.remote.codec.w3c.W3CHttpResponseCodec.decode(W3CHttpResponseCodec.java:138)\n\tat org.openqa.selenium.remote.codec.w3c.W3CHttpResponseCodec.decode(W3CHttpResponseCodec.java:50)\n\tat org.openqa.selenium.remote.HttpCommandExecutor.execute(HttpCommandExecutor.java:215)\n\tat org.openqa.selenium.remote.service.DriverCommandExecutor.invokeExecute(DriverCommandExecutor.java:216)\n\tat org.openqa.selenium.remote.service.DriverCommandExecutor.execute(DriverCommandExecutor.java:174)\n\tat org.openqa.selenium.remote.RemoteWebDriver.execute(RemoteWebDriver.java:545)\n\tat org.openqa.selenium.remote.ElementLocation$ElementFinder$2.findElement(ElementLocation.java:165)\n\tat org.openqa.selenium.remote.ElementLocation.findElement(ElementLocation.java:66)\n\tat org.openqa.selenium.remote.RemoteWebDriver.findElement(RemoteWebDriver.java:368)\n\tat org.openqa.selenium.remote.RemoteWebDriver.findElement(RemoteWebDriver.java:362)\n\tat org.openqa.selenium.support.pagefactory.DefaultElementLocator.findElement(DefaultElementLocator.java:68)\n\tat org.openqa.selenium.support.pagefactory.internal.LocatingElementHandler.invoke(LocatingElementHandler.java:38)\n\tat jdk.proxy2/jdk.proxy2.$Proxy24.isDisplayed(Unknown Source)\n\tat basepages.BasePage.enterText(BasePage.java:44)\n\tat contact.ContactUs.enteremailpassword(ContactUs.java:59)\n\tat stepDefinitions.ContactUsSteps.user_should_enter_valid_credentials_and(ContactUsSteps.java:34)\n\tat ✽.User Should Enter Valid Credentials \"venkat07@exam.com\" and \"password123\"(file:///Users/venkattsr/Downloads/Ecomm/src/test/resources/features/5Contact.feature:6)\n"},"stage":"finished","steps":[{"name":"Given  User Should be on Home Page","status":"passed","statusDetails":{"known":false,"muted":false,"flaky":false},"stage":"finished","steps":[],"attachments":[],"parameters":[],"start":1742269208302,"stop":1742269208375},{"name":"When  User should click Loginbutton","status":"passed","statusDetails":{"known":false,"muted":false,"flaky":false},"stage":"finished","steps":[],"attachments":[],"parameters":[],"start":1742269208375,"stop":1742269208490},{"name":"And  User Should Enter Valid Credentials \"venkat07@exam.com\" and \"password123\"","status":"broken","statusDetails":{"known":false,"muted":false,"flaky":false,"message":"For documentation on this error, please visit: https://www.selenium.dev/documentation/webdriver/troubleshooting/errors#no-such-element-exception\nBuild info: version: '4.29.0', revision: '5fc1ec94cb'\nSystem info: os.name: 'Mac OS X', os.arch: 'x86_64', os.version: '15.3.1', java.version: '23.0.1'\nDriver info: org.openqa.selenium.safari.SafariDriver\nCommand: [CF45002B-8B63-4ABE-B255-30E8C2ED3DA6, findElement {using=name, value=email}]\nCapabilities {acceptInsecureCerts: false, browserName: Safari, browserVersion: 18.3, platformName: mac, safari:automaticInspection: false, safari:automaticProfiling: false, safari:diagnose: false, safari:platformBuildVersion: 24D70, safari:platformVersion: 15.3.1, safari:useSimulator: false, setWindowRect: true, strictFileInteractability: false, webkit:WebRTC: {DisableICECandidateFiltering: false, DisableInsecureMediaCapture: false}}\nSession ID: CF45002B-8B63-4ABE-B255-30E8C2ED3DA6","trace":"org.openqa.selenium.NoSuchElementException: For documentation on this error, please visit: https://www.selenium.dev/documentation/webdriver/troubleshooting/errors#no-such-element-exception\nBuild info: version: '4.29.0', revision: '5fc1ec94cb'\nSystem info: os.name: 'Mac OS X', os.arch: 'x86_64', os.version: '15.3.1', java.version: '23.0.1'\nDriver info: org.openqa.selenium.safari.SafariDriver\nCommand: [CF45002B-8B63-4ABE-B255-30E8C2ED3DA6, findElement {using=name, value=email}]\nCapabilities {acceptInsecureCerts: false, browserName: Safari, browserVersion: 18.3, platformName: mac, safari:automaticInspection: false, safari:automaticProfiling: false, safari:diagnose: false, safari:platformBuildVersion: 24D70, safari:platformVersion: 15.3.1, safari:useSimulator: false, setWindowRect: true, strictFileInteractability: false, webkit:WebRTC: {DisableICECandidateFiltering: false, DisableInsecureMediaCapture: false}}\nSession ID: CF45002B-8B63-4ABE-B255-30E8C2ED3DA6\n\tat java.base/jdk.internal.reflect.DirectConstructorHandleAccessor.newInstance(DirectConstructorHandleAccessor.java:62)\n\tat java.base/java.lang.reflect.Constructor.newInstanceWithCaller(Constructor.java:501)\n\tat java.base/java.lang.reflect.Constructor.newInstance(Constructor.java:485)\n\tat org.openqa.selenium.remote.ErrorCodec.decode(ErrorCodec.java:167)\n\tat org.openqa.selenium.remote.codec.w3c.W3CHttpResponseCodec.decode(W3CHttpResponseCodec.java:138)\n\tat org.openqa.selenium.remote.codec.w3c.W3CHttpResponseCodec.decode(W3CHttpResponseCodec.java:50)\n\tat org.openqa.selenium.remote.HttpCommandExecutor.execute(HttpCommandExecutor.java:215)\n\tat org.openqa.selenium.remote.service.DriverCommandExecutor.invokeExecute(DriverCommandExecutor.java:216)\n\tat org.openqa.selenium.remote.service.DriverCommandExecutor.execute(DriverCommandExecutor.java:174)\n\tat org.openqa.selenium.remote.RemoteWebDriver.execute(RemoteWebDriver.java:545)\n\tat org.openqa.selenium.remote.ElementLocation$ElementFinder$2.findElement(ElementLocation.java:165)\n\tat org.openqa.selenium.remote.ElementLocation.findElement(ElementLocation.java:66)\n\tat org.openqa.selenium.remote.RemoteWebDriver.findElement(RemoteWebDriver.java:368)\n\tat org.openqa.selenium.remote.RemoteWebDriver.findElement(RemoteWebDriver.java:362)\n\tat org.openqa.selenium.support.pagefactory.DefaultElementLocator.findElement(DefaultElementLocator.java:68)\n\tat org.openqa.selenium.support.pagefactory.internal.LocatingElementHandler.invoke(LocatingElementHandler.java:38)\n\tat jdk.proxy2/jdk.proxy2.$Proxy24.isDisplayed(Unknown Source)\n\tat basepages.BasePage.enterText(BasePage.java:44)\n\tat contact.ContactUs.enteremailpassword(ContactUs.java:59)\n\tat stepDefinitions.ContactUsSteps.user_should_enter_valid_credentials_and(ContactUsSteps.java:34)\n\tat ✽.User Should Enter Valid Credentials \"venkat07@exam.com\" and \"password123\"(file:///Users/venkattsr/Downloads/Ecomm/src/test/resources/features/5Contact.feature:6)\n"},"stage":"finished","steps":[],"attachments":[],"parameters":[],"start":1742269208491,"stop":1742269208508},{"name":"And  User should click Login button","status":"skipped","statusDetails":{"known":false,"muted":false,"flaky":false},"stage":"finished","steps":[],"attachments":[],"parameters":[],"start":1742269208509,"stop":1742269208509},{"name":"And  User can see the logged in homepage","status":"skipped","statusDetails":{"known":false,"muted":false,"flaky":false},"stage":"finished","steps":[],"attachments":[],"parameters":[],"start":1742269208510,"stop":1742269208510},{"name":"And  User should click Contact Us","status":"skipped","statusDetails":{"known":false,"muted":false,"flaky":false},"stage":"finished","steps":[],"attachments":[],"parameters":[],"start":1742269208510,"stop":1742269208511},{"name":"And  User Should Fill the contact form \"Venkat\" \"venkat07@exam.com\" \"About Product\" \"Check the attached file\" \"/Users/venkattsr/Downloads/Ecomm/./screenshots\"","status":"skipped","statusDetails":{"known":false,"muted":false,"flaky":false},"stage":"finished","steps":[],"attachments":[],"parameters":[],"start":1742269208511,"stop":1742269208511},{"name":"And  User Should click the submit and handle alert","status":"skipped","statusDetails":{"known":false,"muted":false,"flaky":false},"stage":"finished","steps":[],"attachments":[],"parameters":[],"start":1742269208511,"stop":1742269208511},{"name":"Then  User can confirm that the form is submitted","status":"skipped","statusDetails":{"known":false,"muted":false,"flaky":false},"stage":"finished","steps":[],"attachments":[],"parameters":[],"start":1742269208511,"stop":1742269208513}],"attachments":[],"parameters":[],"start":1742269203275,"stop":1742269219352}