{"uuid":"5ad2049d-dbf6-4a1d-876f-c5d32b9035df","name":"Scenario: User searches for a product, adds it to the cart, and completes the checkout process","children":["8d8712ec-259f-46f4-8f81-f42b605f8863"],"befores":[{"name":"baseclass.Hooks.setup()","status":"broken","statusDetails":{"known":false,"muted":false,"flaky":false,"message":"BEFORE is failed: Could not start a new session. Response code 500. Message: Could not create a session: You must enable 'Allow remote automation' in the Developer section of Safari Settings to control Safari via WebDriver. \nHost info: host: 'VENKATs-MacBook-Air.local', ip: '2406:7400:56:de3a:d5f1:8b8c:5091:a53f%en0'\nBuild info: version: '4.29.0', revision: '5fc1ec94cb'\nSystem info: os.name: 'Mac OS X', os.arch: 'x86_64', os.version: '15.3.1', java.version: '23.0.1'\nDriver info: org.openqa.selenium.safari.SafariDriver\nCommand: [null, newSession {capabilities=[Capabilities {browserName: safari}]}]\nCapabilities {browserName: safari}","trace":"org.openqa.selenium.SessionNotCreatedException: Could not start a new session. Response code 500. Message: Could not create a session: You must enable 'Allow remote automation' in the Developer section of Safari Settings to control Safari via WebDriver. \nHost info: host: 'VENKATs-MacBook-Air.local', ip: '2406:7400:56:de3a:d5f1:8b8c:5091:a53f%en0'\nBuild info: version: '4.29.0', revision: '5fc1ec94cb'\nSystem info: os.name: 'Mac OS X', os.arch: 'x86_64', os.version: '15.3.1', java.version: '23.0.1'\nDriver info: org.openqa.selenium.safari.SafariDriver\nCommand: [null, newSession {capabilities=[Capabilities {browserName: safari}]}]\nCapabilities {browserName: safari}\n\tat org.openqa.selenium.remote.ProtocolHandshake.createSession(ProtocolHandshake.java:114)\n\tat org.openqa.selenium.remote.ProtocolHandshake.createSession(ProtocolHandshake.java:75)\n\tat org.openqa.selenium.remote.ProtocolHandshake.createSession(ProtocolHandshake.java:61)\n\tat org.openqa.selenium.remote.HttpCommandExecutor.execute(HttpCommandExecutor.java:187)\n\tat org.openqa.selenium.remote.service.DriverCommandExecutor.invokeExecute(DriverCommandExecutor.java:216)\n\tat org.openqa.selenium.remote.service.DriverCommandExecutor.execute(DriverCommandExecutor.java:174)\n\tat org.openqa.selenium.remote.RemoteWebDriver.execute(RemoteWebDriver.java:545)\n\tat org.openqa.selenium.remote.RemoteWebDriver.startSession(RemoteWebDriver.java:245)\n\tat org.openqa.selenium.remote.RemoteWebDriver.<init>(RemoteWebDriver.java:174)\n\tat org.openqa.selenium.safari.SafariDriver.<init>(SafariDriver.java:84)\n\tat org.openqa.selenium.safari.SafariDriver.<init>(SafariDriver.java:80)\n\tat org.openqa.selenium.safari.SafariDriver.<init>(SafariDriver.java:57)\n\tat org.openqa.selenium.safari.SafariDriver.<init>(SafariDriver.java:48)\n\tat baseclass.Hooks.setup(Hooks.java:26)\n"},"stage":"finished","steps":[],"attachments":[],"parameters":[],"start":1742240635599,"stop":1742240648948}],"afters":[{"name":"baseclass.Hooks.tearDown(io.cucumber.java.Scenario)","status":"broken","statusDetails":{"known":false,"muted":false,"flaky":false,"message":"AFTER is failed: Cannot invoke \"org.openqa.selenium.TakesScreenshot.getScreenshotAs(org.openqa.selenium.OutputType)\" because \"baseclass.Hooks.driver\" is null","trace":"java.lang.NullPointerException: Cannot invoke \"org.openqa.selenium.TakesScreenshot.getScreenshotAs(org.openqa.selenium.OutputType)\" because \"baseclass.Hooks.driver\" is null\n\tat baseclass.Hooks.takeScreenshot(Hooks.java:44)\n\tat baseclass.Hooks.tearDown(Hooks.java:32)\n"},"stage":"finished","steps":[],"attachments":[],"parameters":[],"start":1742240648974,"stop":1742240648981}],"start":1742240635597,"stop":1742240648986}