{"uuid":"9a212df6-6f8f-4381-a5c3-ee083c43c67c","historyId":"6379505db3ae6ddbd6972fa16eaed114","fullName":"src/test/resources/features/2Login.feature:12","labels":[{"name":"host","value":"VENKATs-MacBook-Air.local"},{"name":"thread","value":"66125@VENKATs-MacBook-Air.local.main(1)"},{"name":"feature","value":"User Login Functionality"},{"name":"story","value":"Login with valid and invalid credentials"},{"name":"suite","value":"User Login Functionality"},{"name":"testClass","value":"Login with valid and invalid credentials"},{"name":"framework","value":"cucumber4jvm"},{"name":"language","value":"java"},{"name":"gherkin_uri","value":"file:///Users/venkattsr/Downloads/Ecomm/src/test/resources/features/2Login.feature"},{"name":"package","value":"src.test.resources.features.2Login_feature.User Login Functionality"}],"links":[],"name":"Login with valid and invalid credentials","status":"broken","statusDetails":{"known":false,"muted":false,"flaky":false,"message":"Cannot invoke \"org.openqa.selenium.SearchContext.findElement(org.openqa.selenium.By)\" because \"this.searchContext\" is null","trace":"java.lang.NullPointerException: Cannot invoke \"org.openqa.selenium.SearchContext.findElement(org.openqa.selenium.By)\" because \"this.searchContext\" is null\n\tat org.openqa.selenium.support.pagefactory.DefaultElementLocator.findElement(DefaultElementLocator.java:68)\n\tat org.openqa.selenium.support.pagefactory.internal.LocatingElementHandler.invoke(LocatingElementHandler.java:38)\n\tat jdk.proxy2/jdk.proxy2.$Proxy21.isDisplayed(Unknown Source)\n\tat org.openqa.selenium.support.ui.ExpectedConditions.elementIfVisible(ExpectedConditions.java:304)\n\tat org.openqa.selenium.support.ui.ExpectedConditions$10.apply(ExpectedConditions.java:290)\n\tat org.openqa.selenium.support.ui.ExpectedConditions$10.apply(ExpectedConditions.java:287)\n\tat org.openqa.selenium.support.ui.ExpectedConditions$23.apply(ExpectedConditions.java:656)\n\tat org.openqa.selenium.support.ui.ExpectedConditions$23.apply(ExpectedConditions.java:652)\n\tat org.openqa.selenium.support.ui.FluentWait.until(FluentWait.java:203)\n\tat basepages.BasePage.waitForElementToBeClickable(BasePage.java:57)\n\tat basepages.BasePage.onClick(BasePage.java:40)\n\tat user_registration.UserLogin.clickSignupLogin(UserLogin.java:36)\n\tat stepDefinitions.UserLoginSteps.user_clicks_on(UserLoginSteps.java:30)\n\tat ✽.User clicks on the \"Signup / Login\"(file:///Users/venkattsr/Downloads/Ecomm/src/test/resources/features/2Login.feature:5)\n"},"stage":"finished","steps":[{"name":"Given  User navigating to the home page","status":"passed","statusDetails":{"known":false,"muted":false,"flaky":false},"stage":"finished","steps":[],"attachments":[],"parameters":[],"start":1742372204992,"stop":1742372205007},{"name":"When  User clicks on the \"Signup / Login\"","status":"broken","statusDetails":{"known":false,"muted":false,"flaky":false,"message":"Cannot invoke \"org.openqa.selenium.SearchContext.findElement(org.openqa.selenium.By)\" because \"this.searchContext\" is null","trace":"java.lang.NullPointerException: Cannot invoke \"org.openqa.selenium.SearchContext.findElement(org.openqa.selenium.By)\" because \"this.searchContext\" is null\n\tat org.openqa.selenium.support.pagefactory.DefaultElementLocator.findElement(DefaultElementLocator.java:68)\n\tat org.openqa.selenium.support.pagefactory.internal.LocatingElementHandler.invoke(LocatingElementHandler.java:38)\n\tat jdk.proxy2/jdk.proxy2.$Proxy21.isDisplayed(Unknown Source)\n\tat org.openqa.selenium.support.ui.ExpectedConditions.elementIfVisible(ExpectedConditions.java:304)\n\tat org.openqa.selenium.support.ui.ExpectedConditions$10.apply(ExpectedConditions.java:290)\n\tat org.openqa.selenium.support.ui.ExpectedConditions$10.apply(ExpectedConditions.java:287)\n\tat org.openqa.selenium.support.ui.ExpectedConditions$23.apply(ExpectedConditions.java:656)\n\tat org.openqa.selenium.support.ui.ExpectedConditions$23.apply(ExpectedConditions.java:652)\n\tat org.openqa.selenium.support.ui.FluentWait.until(FluentWait.java:203)\n\tat basepages.BasePage.waitForElementToBeClickable(BasePage.java:57)\n\tat basepages.BasePage.onClick(BasePage.java:40)\n\tat user_registration.UserLogin.clickSignupLogin(UserLogin.java:36)\n\tat stepDefinitions.UserLoginSteps.user_clicks_on(UserLoginSteps.java:30)\n\tat ✽.User clicks on the \"Signup / Login\"(file:///Users/venkattsr/Downloads/Ecomm/src/test/resources/features/2Login.feature:5)\n"},"stage":"finished","steps":[],"attachments":[],"parameters":[],"start":1742372205008,"stop":1742372205022},{"name":"And  User enters email \"venkat07@test.com\" and password \"password123\"","status":"skipped","statusDetails":{"known":false,"muted":false,"flaky":false},"stage":"finished","steps":[],"attachments":[],"parameters":[],"start":1742372205025,"stop":1742372205026},{"name":"And  User clicks on the \"Login\"","status":"skipped","statusDetails":{"known":false,"muted":false,"flaky":false},"stage":"finished","steps":[],"attachments":[],"parameters":[],"start":1742372205026,"stop":1742372205026},{"name":"Then  User should see the message \"Logged in as Venkata\"","status":"skipped","statusDetails":{"known":false,"muted":false,"flaky":false},"stage":"finished","steps":[],"attachments":[],"parameters":[],"start":1742372205028,"stop":1742372205028}],"attachments":[],"parameters":[{"name":"Email","value":"venkat07@test.com"},{"name":"Password","value":"password123"},{"name":"Username","value":"Venkata"}],"start":1742372204992,"stop":1742372205029}