{"uuid":"9b81d438-8404-442d-a8a2-185fc46effa8","historyId":"67f211a3a364f8264b8b517162b3489d","fullName":"src/test/resources/features/2Login.feature:23","labels":[{"name":"host","value":"VENKATs-MacBook-Air.local"},{"name":"thread","value":"66125@VENKATs-MacBook-Air.local.main(1)"},{"name":"feature","value":"User Login Functionality"},{"name":"story","value":"Login with invalid credentials"},{"name":"suite","value":"User Login Functionality"},{"name":"testClass","value":"Login with invalid credentials"},{"name":"framework","value":"cucumber4jvm"},{"name":"language","value":"java"},{"name":"gherkin_uri","value":"file:///Users/venkattsr/Downloads/Ecomm/src/test/resources/features/2Login.feature"},{"name":"package","value":"src.test.resources.features.2Login_feature.User Login Functionality"}],"links":[],"name":"Login with invalid credentials","status":"broken","statusDetails":{"known":false,"muted":false,"flaky":false,"message":"Cannot invoke \"org.openqa.selenium.SearchContext.findElement(org.openqa.selenium.By)\" because \"this.searchContext\" is null","trace":"java.lang.NullPointerException: Cannot invoke \"org.openqa.selenium.SearchContext.findElement(org.openqa.selenium.By)\" because \"this.searchContext\" is null\n\tat org.openqa.selenium.support.pagefactory.DefaultElementLocator.findElement(DefaultElementLocator.java:68)\n\tat org.openqa.selenium.support.pagefactory.internal.LocatingElementHandler.invoke(LocatingElementHandler.java:38)\n\tat jdk.proxy2/jdk.proxy2.$Proxy21.isDisplayed(Unknown Source)\n\tat org.openqa.selenium.support.ui.ExpectedConditions.elementIfVisible(ExpectedConditions.java:304)\n\tat org.openqa.selenium.support.ui.ExpectedConditions$10.apply(ExpectedConditions.java:290)\n\tat org.openqa.selenium.support.ui.ExpectedConditions$10.apply(ExpectedConditions.java:287)\n\tat org.openqa.selenium.support.ui.ExpectedConditions$23.apply(ExpectedConditions.java:656)\n\tat org.openqa.selenium.support.ui.ExpectedConditions$23.apply(ExpectedConditions.java:652)\n\tat org.openqa.selenium.support.ui.FluentWait.until(FluentWait.java:203)\n\tat basepages.BasePage.waitForElementToBeClickable(BasePage.java:57)\n\tat basepages.BasePage.onClick(BasePage.java:40)\n\tat user_registration.UserLogin.clickSignupLogin(UserLogin.java:36)\n\tat stepDefinitions.UserLoginSteps.user_clicks_on(UserLoginSteps.java:30)\n\tat ✽.User clicks on the \"Signup / Login\"(file:///Users/venkattsr/Downloads/Ecomm/src/test/resources/features/2Login.feature:16)\n"},"stage":"finished","steps":[{"name":"Given  User navigating to the home page","status":"passed","statusDetails":{"known":false,"muted":false,"flaky":false},"stage":"finished","steps":[],"attachments":[],"parameters":[],"start":1742372205077,"stop":1742372205080},{"name":"When  User clicks on the \"Signup / Login\"","status":"broken","statusDetails":{"known":false,"muted":false,"flaky":false,"message":"Cannot invoke \"org.openqa.selenium.SearchContext.findElement(org.openqa.selenium.By)\" because \"this.searchContext\" is null","trace":"java.lang.NullPointerException: Cannot invoke \"org.openqa.selenium.SearchContext.findElement(org.openqa.selenium.By)\" because \"this.searchContext\" is null\n\tat org.openqa.selenium.support.pagefactory.DefaultElementLocator.findElement(DefaultElementLocator.java:68)\n\tat org.openqa.selenium.support.pagefactory.internal.LocatingElementHandler.invoke(LocatingElementHandler.java:38)\n\tat jdk.proxy2/jdk.proxy2.$Proxy21.isDisplayed(Unknown Source)\n\tat org.openqa.selenium.support.ui.ExpectedConditions.elementIfVisible(ExpectedConditions.java:304)\n\tat org.openqa.selenium.support.ui.ExpectedConditions$10.apply(ExpectedConditions.java:290)\n\tat org.openqa.selenium.support.ui.ExpectedConditions$10.apply(ExpectedConditions.java:287)\n\tat org.openqa.selenium.support.ui.ExpectedConditions$23.apply(ExpectedConditions.java:656)\n\tat org.openqa.selenium.support.ui.ExpectedConditions$23.apply(ExpectedConditions.java:652)\n\tat org.openqa.selenium.support.ui.FluentWait.until(FluentWait.java:203)\n\tat basepages.BasePage.waitForElementToBeClickable(BasePage.java:57)\n\tat basepages.BasePage.onClick(BasePage.java:40)\n\tat user_registration.UserLogin.clickSignupLogin(UserLogin.java:36)\n\tat stepDefinitions.UserLoginSteps.user_clicks_on(UserLoginSteps.java:30)\n\tat ✽.User clicks on the \"Signup / Login\"(file:///Users/venkattsr/Downloads/Ecomm/src/test/resources/features/2Login.feature:16)\n"},"stage":"finished","steps":[],"attachments":[],"parameters":[],"start":1742372205080,"stop":1742372205082},{"name":"And  User enters email \"invalid.user@test.com\" and password \"wrongPassword\"","status":"skipped","statusDetails":{"known":false,"muted":false,"flaky":false},"stage":"finished","steps":[],"attachments":[],"parameters":[],"start":1742372205083,"stop":1742372205083},{"name":"And  User clicks on the \"Login\"","status":"skipped","statusDetails":{"known":false,"muted":false,"flaky":false},"stage":"finished","steps":[],"attachments":[],"parameters":[],"start":1742372205083,"stop":1742372205084},{"name":"Then  User should see an error message \"Your email or password is incorrect!\"","status":"skipped","statusDetails":{"known":false,"muted":false,"flaky":false},"stage":"finished","steps":[],"attachments":[],"parameters":[],"start":1742372205084,"stop":1742372205084}],"attachments":[],"parameters":[{"name":"Email","value":"invalid.user@test.com"},{"name":"Password","value":"wrongPassword"}],"start":1742372205077,"stop":1742372205086}