{"uuid":"d264d3eb-16c0-4b12-a6fa-a34b082fb6f6","historyId":"6379505db3ae6ddbd6972fa16eaed114","fullName":"src/test/resources/features/2Login.feature:12","labels":[{"name":"host","value":"VENKATs-MacBook-Air.local"},{"name":"thread","value":"39607@VENKATs-MacBook-Air.local.main(1)"},{"name":"feature","value":"User Login Functionality"},{"name":"story","value":"Login with valid and invalid credentials"},{"name":"suite","value":"User Login Functionality"},{"name":"testClass","value":"Login with valid and invalid credentials"},{"name":"framework","value":"cucumber4jvm"},{"name":"language","value":"java"},{"name":"gherkin_uri","value":"file:///Users/venkattsr/Downloads/Ecomm/src/test/resources/features/2Login.feature"},{"name":"package","value":"src.test.resources.features.2Login_feature.User Login Functionality"}],"links":[],"name":"Login with valid and invalid credentials","status":"broken","statusDetails":{"known":false,"muted":false,"flaky":false,"message":"For documentation on this error, please visit: https://www.selenium.dev/documentation/webdriver/troubleshooting/errors#no-such-element-exception\nBuild info: version: '4.29.0', revision: '5fc1ec94cb'\nSystem info: os.name: 'Mac OS X', os.arch: 'x86_64', os.version: '15.3.1', java.version: '23.0.1'\nDriver info: org.openqa.selenium.safari.SafariDriver\nCommand: [97844AFA-565A-44A8-ADB6-A8740C2CB75D, findElement {using=xpath, value=//input[@data-qa='login-email']}]\nCapabilities {acceptInsecureCerts: false, browserName: Safari, browserVersion: 18.3, platformName: mac, safari:automaticInspection: false, safari:automaticProfiling: false, safari:diagnose: false, safari:platformBuildVersion: 24D70, safari:platformVersion: 15.3.1, safari:useSimulator: false, setWindowRect: true, strictFileInteractability: false, webkit:WebRTC: {DisableICECandidateFiltering: false, DisableInsecureMediaCapture: false}}\nSession ID: 97844AFA-565A-44A8-ADB6-A8740C2CB75D","trace":"org.openqa.selenium.NoSuchElementException: For documentation on this error, please visit: https://www.selenium.dev/documentation/webdriver/troubleshooting/errors#no-such-element-exception\nBuild info: version: '4.29.0', revision: '5fc1ec94cb'\nSystem info: os.name: 'Mac OS X', os.arch: 'x86_64', os.version: '15.3.1', java.version: '23.0.1'\nDriver info: org.openqa.selenium.safari.SafariDriver\nCommand: [97844AFA-565A-44A8-ADB6-A8740C2CB75D, findElement {using=xpath, value=//input[@data-qa='login-email']}]\nCapabilities {acceptInsecureCerts: false, browserName: Safari, browserVersion: 18.3, platformName: mac, safari:automaticInspection: false, safari:automaticProfiling: false, safari:diagnose: false, safari:platformBuildVersion: 24D70, safari:platformVersion: 15.3.1, safari:useSimulator: false, setWindowRect: true, strictFileInteractability: false, webkit:WebRTC: {DisableICECandidateFiltering: false, DisableInsecureMediaCapture: false}}\nSession ID: 97844AFA-565A-44A8-ADB6-A8740C2CB75D\n\tat java.base/jdk.internal.reflect.DirectConstructorHandleAccessor.newInstance(DirectConstructorHandleAccessor.java:62)\n\tat java.base/java.lang.reflect.Constructor.newInstanceWithCaller(Constructor.java:501)\n\tat java.base/java.lang.reflect.Constructor.newInstance(Constructor.java:485)\n\tat org.openqa.selenium.remote.ErrorCodec.decode(ErrorCodec.java:167)\n\tat org.openqa.selenium.remote.codec.w3c.W3CHttpResponseCodec.decode(W3CHttpResponseCodec.java:138)\n\tat org.openqa.selenium.remote.codec.w3c.W3CHttpResponseCodec.decode(W3CHttpResponseCodec.java:50)\n\tat org.openqa.selenium.remote.HttpCommandExecutor.execute(HttpCommandExecutor.java:215)\n\tat org.openqa.selenium.remote.service.DriverCommandExecutor.invokeExecute(DriverCommandExecutor.java:216)\n\tat org.openqa.selenium.remote.service.DriverCommandExecutor.execute(DriverCommandExecutor.java:174)\n\tat org.openqa.selenium.remote.RemoteWebDriver.execute(RemoteWebDriver.java:545)\n\tat org.openqa.selenium.remote.ElementLocation$ElementFinder$2.findElement(ElementLocation.java:165)\n\tat org.openqa.selenium.remote.ElementLocation.findElement(ElementLocation.java:59)\n\tat org.openqa.selenium.remote.RemoteWebDriver.findElement(RemoteWebDriver.java:368)\n\tat org.openqa.selenium.remote.RemoteWebDriver.findElement(RemoteWebDriver.java:362)\n\tat org.openqa.selenium.support.pagefactory.DefaultElementLocator.findElement(DefaultElementLocator.java:68)\n\tat org.openqa.selenium.support.pagefactory.internal.LocatingElementHandler.invoke(LocatingElementHandler.java:38)\n\tat jdk.proxy2/jdk.proxy2.$Proxy24.isDisplayed(Unknown Source)\n\tat basepages.BasePage.enterText(BasePage.java:44)\n\tat user_registration.UserLogin.enteremailpassword(UserLogin.java:40)\n\tat stepDefinitions.UserLoginSteps.user_enters_email_and_password(UserLoginSteps.java:38)\n\tat ✽.User enters email \"venkat07@test.com\" and password \"password123\"(file:///Users/venkattsr/Downloads/Ecomm/src/test/resources/features/2Login.feature:6)\n"},"stage":"finished","steps":[{"name":"Given  User navigating to the home page","status":"passed","statusDetails":{"known":false,"muted":false,"flaky":false},"stage":"finished","steps":[],"attachments":[],"parameters":[],"start":1742269092483,"stop":1742269092501},{"name":"When  User clicks on the \"Signup / Login\"","status":"passed","statusDetails":{"known":false,"muted":false,"flaky":false},"stage":"finished","steps":[],"attachments":[],"parameters":[],"start":1742269092501,"stop":1742269092868},{"name":"And  User enters email \"venkat07@test.com\" and password \"password123\"","status":"broken","statusDetails":{"known":false,"muted":false,"flaky":false,"message":"For documentation on this error, please visit: https://www.selenium.dev/documentation/webdriver/troubleshooting/errors#no-such-element-exception\nBuild info: version: '4.29.0', revision: '5fc1ec94cb'\nSystem info: os.name: 'Mac OS X', os.arch: 'x86_64', os.version: '15.3.1', java.version: '23.0.1'\nDriver info: org.openqa.selenium.safari.SafariDriver\nCommand: [97844AFA-565A-44A8-ADB6-A8740C2CB75D, findElement {using=xpath, value=//input[@data-qa='login-email']}]\nCapabilities {acceptInsecureCerts: false, browserName: Safari, browserVersion: 18.3, platformName: mac, safari:automaticInspection: false, safari:automaticProfiling: false, safari:diagnose: false, safari:platformBuildVersion: 24D70, safari:platformVersion: 15.3.1, safari:useSimulator: false, setWindowRect: true, strictFileInteractability: false, webkit:WebRTC: {DisableICECandidateFiltering: false, DisableInsecureMediaCapture: false}}\nSession ID: 97844AFA-565A-44A8-ADB6-A8740C2CB75D","trace":"org.openqa.selenium.NoSuchElementException: For documentation on this error, please visit: https://www.selenium.dev/documentation/webdriver/troubleshooting/errors#no-such-element-exception\nBuild info: version: '4.29.0', revision: '5fc1ec94cb'\nSystem info: os.name: 'Mac OS X', os.arch: 'x86_64', os.version: '15.3.1', java.version: '23.0.1'\nDriver info: org.openqa.selenium.safari.SafariDriver\nCommand: [97844AFA-565A-44A8-ADB6-A8740C2CB75D, findElement {using=xpath, value=//input[@data-qa='login-email']}]\nCapabilities {acceptInsecureCerts: false, browserName: Safari, browserVersion: 18.3, platformName: mac, safari:automaticInspection: false, safari:automaticProfiling: false, safari:diagnose: false, safari:platformBuildVersion: 24D70, safari:platformVersion: 15.3.1, safari:useSimulator: false, setWindowRect: true, strictFileInteractability: false, webkit:WebRTC: {DisableICECandidateFiltering: false, DisableInsecureMediaCapture: false}}\nSession ID: 97844AFA-565A-44A8-ADB6-A8740C2CB75D\n\tat java.base/jdk.internal.reflect.DirectConstructorHandleAccessor.newInstance(DirectConstructorHandleAccessor.java:62)\n\tat java.base/java.lang.reflect.Constructor.newInstanceWithCaller(Constructor.java:501)\n\tat java.base/java.lang.reflect.Constructor.newInstance(Constructor.java:485)\n\tat org.openqa.selenium.remote.ErrorCodec.decode(ErrorCodec.java:167)\n\tat org.openqa.selenium.remote.codec.w3c.W3CHttpResponseCodec.decode(W3CHttpResponseCodec.java:138)\n\tat org.openqa.selenium.remote.codec.w3c.W3CHttpResponseCodec.decode(W3CHttpResponseCodec.java:50)\n\tat org.openqa.selenium.remote.HttpCommandExecutor.execute(HttpCommandExecutor.java:215)\n\tat org.openqa.selenium.remote.service.DriverCommandExecutor.invokeExecute(DriverCommandExecutor.java:216)\n\tat org.openqa.selenium.remote.service.DriverCommandExecutor.execute(DriverCommandExecutor.java:174)\n\tat org.openqa.selenium.remote.RemoteWebDriver.execute(RemoteWebDriver.java:545)\n\tat org.openqa.selenium.remote.ElementLocation$ElementFinder$2.findElement(ElementLocation.java:165)\n\tat org.openqa.selenium.remote.ElementLocation.findElement(ElementLocation.java:59)\n\tat org.openqa.selenium.remote.RemoteWebDriver.findElement(RemoteWebDriver.java:368)\n\tat org.openqa.selenium.remote.RemoteWebDriver.findElement(RemoteWebDriver.java:362)\n\tat org.openqa.selenium.support.pagefactory.DefaultElementLocator.findElement(DefaultElementLocator.java:68)\n\tat org.openqa.selenium.support.pagefactory.internal.LocatingElementHandler.invoke(LocatingElementHandler.java:38)\n\tat jdk.proxy2/jdk.proxy2.$Proxy24.isDisplayed(Unknown Source)\n\tat basepages.BasePage.enterText(BasePage.java:44)\n\tat user_registration.UserLogin.enteremailpassword(UserLogin.java:40)\n\tat stepDefinitions.UserLoginSteps.user_enters_email_and_password(UserLoginSteps.java:38)\n\tat ✽.User enters email \"venkat07@test.com\" and password \"password123\"(file:///Users/venkattsr/Downloads/Ecomm/src/test/resources/features/2Login.feature:6)\n"},"stage":"finished","steps":[],"attachments":[],"parameters":[],"start":1742269092869,"stop":1742269092890},{"name":"And  User clicks on the \"Login\"","status":"skipped","statusDetails":{"known":false,"muted":false,"flaky":false},"stage":"finished","steps":[],"attachments":[],"parameters":[],"start":1742269092896,"stop":1742269092897},{"name":"Then  User should see the message \"Logged in as Venkata\"","status":"skipped","statusDetails":{"known":false,"muted":false,"flaky":false},"stage":"finished","steps":[],"attachments":[],"parameters":[],"start":1742269092898,"stop":1742269092898}],"attachments":[],"parameters":[{"name":"Email","value":"venkat07@test.com"},{"name":"Password","value":"password123"},{"name":"Username","value":"Venkata"}],"start":1742269086894,"stop":1742269103738}